This is XeTeX, Version 3.14159265-2.6-0.99996 (Web2C 2016/NixOS.org) (preloaded format=xelatex 2017.8.18)  12 SEP 2017 17:46
entering extended mode
 restricted \write18 enabled.
 %&-line parsing enabled.
**einreichung.tex
(./einreichung.tex
LaTeX2e <2016/03/31> patch level 1
Babel <3.9r> and hyphenation patterns for 49 language(s) loaded.

(/nix/store/vshw31w7s6y3hscy9xf09cq18sh1q6av-texlive-combined-2016/share/texmf/
tex/latex/base/article.cls
Document Class: article 2014/09/29 v1.4h Standard LaTeX document class

(/nix/store/vshw31w7s6y3hscy9xf09cq18sh1q6av-texlive-combined-2016/share/texmf/
tex/latex/base/size10.clo
File: size10.clo 2014/09/29 v1.4h Standard LaTeX file (size option)
)
\c@part=\count79
\c@section=\count80
\c@subsection=\count81
\c@subsubsection=\count82
\c@paragraph=\count83
\c@subparagraph=\count84
\c@figure=\count85
\c@table=\count86
\abovecaptionskip=\skip41
\belowcaptionskip=\skip42
\bibindent=\dimen102
)
(/nix/store/vshw31w7s6y3hscy9xf09cq18sh1q6av-texlive-combined-2016/share/texmf/
tex/latex/polyglossia/polyglossia.sty
Package: polyglossia 2015/03/25 v1.42.4 Alternative to Babel for XeLaTeX and Lu
aLaTeX

(/nix/store/vshw31w7s6y3hscy9xf09cq18sh1q6av-texlive-combined-2016/share/texmf/
tex/latex/etoolbox/etoolbox.sty
Package: etoolbox 2015/08/02 v2.2a e-TeX tools for LaTeX (JAW)
\etb@tempcnta=\count87
)
(/nix/store/vshw31w7s6y3hscy9xf09cq18sh1q6av-texlive-combined-2016/share/texmf/
tex/latex/makecmds/makecmds.sty
Package: makecmds 2009/09/03 v1.0a extra command making commands
)
(/nix/store/vshw31w7s6y3hscy9xf09cq18sh1q6av-texlive-combined-2016/share/texmf/
tex/latex/xkeyval/xkeyval.sty
Package: xkeyval 2014/12/03 v2.7a package option processing (HA)

(/nix/store/vshw31w7s6y3hscy9xf09cq18sh1q6av-texlive-combined-2016/share/texmf/
tex/generic/xkeyval/xkeyval.tex
(/nix/store/vshw31w7s6y3hscy9xf09cq18sh1q6av-texlive-combined-2016/share/texmf/
tex/generic/xkeyval/xkvutils.tex
\XKV@toks=\toks14
\XKV@tempa@toks=\toks15

(/nix/store/vshw31w7s6y3hscy9xf09cq18sh1q6av-texlive-combined-2016/share/texmf/
tex/generic/xkeyval/keyval.tex))
\XKV@depth=\count88
File: xkeyval.tex 2014/12/03 v2.7a key=value parser (HA)
))
(/nix/store/vshw31w7s6y3hscy9xf09cq18sh1q6av-texlive-combined-2016/share/texmf/
tex/latex/fontspec/fontspec.sty
(/nix/store/vshw31w7s6y3hscy9xf09cq18sh1q6av-texlive-combined-2016/share/texmf/
tex/latex/l3kernel/expl3.sty
Package: expl3 2016/05/18 v6512 L3 programming layer (loader) 

(/nix/store/vshw31w7s6y3hscy9xf09cq18sh1q6av-texlive-combined-2016/share/texmf/
tex/latex/l3kernel/expl3-code.tex
Package: expl3 2016/05/18 v6512 L3 programming layer (code)
L3 Module: l3bootstrap 2016/02/12 v6412 L3 Bootstrap code
L3 Module: l3names 2016/03/11 v6433 L3 Namespace for primitives
L3 Module: l3basics 2015/11/22 v6315 L3 Basic definitions
L3 Module: l3expan 2015/09/10 v5983 L3 Argument expansion
L3 Module: l3tl 2016/03/26 v6465 L3 Token lists
L3 Module: l3str 2016/03/24 v6441 L3 Strings
L3 Module: l3seq 2015/08/05 v5777 L3 Sequences and stacks
L3 Module: l3int 2016/03/24 v6441 L3 Integers
\c_max_int=\count89
\l_tmpa_int=\count90
\l_tmpb_int=\count91
\g_tmpa_int=\count92
\g_tmpb_int=\count93
L3 Module: l3quark 2015/08/17 v5855 L3 Quarks
L3 Module: l3prg 2015/11/01 v6216 L3 Control structures
\g__prg_map_int=\count94
L3 Module: l3clist 2015/09/02 v5901 L3 Comma separated lists
L3 Module: l3token 2016/04/03 v6470 L3 Experimental token manipulation
L3 Module: l3prop 2016/01/05 v6366 L3 Property lists
L3 Module: l3msg 2016/03/26 v6464 L3 Messages
L3 Module: l3file 2016/03/25 v6458 L3 File and I/O operations
\l_iow_line_count_int=\count95
\l__iow_target_count_int=\count96
\l__iow_current_line_int=\count97
\l__iow_current_word_int=\count98
\l__iow_current_indentation_int=\count99
L3 Module: l3skip 2016/01/05 v6366 L3 Dimensions and skips
\c_zero_dim=\dimen103
\c_max_dim=\dimen104
\l_tmpa_dim=\dimen105
\l_tmpb_dim=\dimen106
\g_tmpa_dim=\dimen107
\g_tmpb_dim=\dimen108
\c_zero_skip=\skip43
\c_max_skip=\skip44
\l_tmpa_skip=\skip45
\l_tmpb_skip=\skip46
\g_tmpa_skip=\skip47
\g_tmpb_skip=\skip48
\c_zero_muskip=\muskip10
\c_max_muskip=\muskip11
\l_tmpa_muskip=\muskip12
\l_tmpb_muskip=\muskip13
\g_tmpa_muskip=\muskip14
\g_tmpb_muskip=\muskip15
L3 Module: l3keys 2015/11/17 v6284 L3 Key-value interfaces
\g__keyval_level_int=\count100
\l_keys_choice_int=\count101
L3 Module: l3fp 2016/03/26 v6465 L3 Floating points
\c__fp_leading_shift_int=\count102
\c__fp_middle_shift_int=\count103
\c__fp_trailing_shift_int=\count104
\c__fp_big_leading_shift_int=\count105
\c__fp_big_middle_shift_int=\count106
\c__fp_big_trailing_shift_int=\count107
\c__fp_Bigg_leading_shift_int=\count108
\c__fp_Bigg_middle_shift_int=\count109
\c__fp_Bigg_trailing_shift_int=\count110
L3 Module: l3box 2015/08/09 v5822 L3 Experimental boxes
\c_empty_box=\box26
\l_tmpa_box=\box27
\l_tmpb_box=\box28
\g_tmpa_box=\box29
\g_tmpb_box=\box30
L3 Module: l3coffins 2016/05/17 v6508 L3 Coffin code layer
\l__coffin_internal_box=\box31
\l__coffin_internal_dim=\dimen109
\l__coffin_offset_x_dim=\dimen110
\l__coffin_offset_y_dim=\dimen111
\l__coffin_x_dim=\dimen112
\l__coffin_y_dim=\dimen113
\l__coffin_x_prime_dim=\dimen114
\l__coffin_y_prime_dim=\dimen115
\c_empty_coffin=\box32
\l__coffin_aligned_coffin=\box33
\l__coffin_aligned_internal_coffin=\box34
\l_tmpa_coffin=\box35
\l_tmpb_coffin=\box36
\l__coffin_display_coffin=\box37
\l__coffin_display_coord_coffin=\box38
\l__coffin_display_pole_coffin=\box39
\l__coffin_display_offset_dim=\dimen116
\l__coffin_display_x_dim=\dimen117
\l__coffin_display_y_dim=\dimen118
L3 Module: l3color 2014/08/23 v5354 L3 Experimental color support
L3 Module: l3sys 2015/09/25 v6087 L3 Experimental system/runtime functions
L3 Module: l3candidates 2016/05/13 v6484 L3 Experimental additions to l3kernel
\l__box_top_dim=\dimen119
\l__box_bottom_dim=\dimen120
\l__box_left_dim=\dimen121
\l__box_right_dim=\dimen122
\l__box_top_new_dim=\dimen123
\l__box_bottom_new_dim=\dimen124
\l__box_left_new_dim=\dimen125
\l__box_right_new_dim=\dimen126
\l__box_internal_box=\box40
\l__coffin_bounding_shift_dim=\dimen127
\l__coffin_left_corner_dim=\dimen128
\l__coffin_right_corner_dim=\dimen129
\l__coffin_bottom_corner_dim=\dimen130
\l__coffin_top_corner_dim=\dimen131
\l__coffin_scaled_total_height_dim=\dimen132
\l__coffin_scaled_width_dim=\dimen133
L3 Module: l3luatex 2016/03/26 v6465 L3 Experimental LuaTeX-specific functions
)
(/nix/store/vshw31w7s6y3hscy9xf09cq18sh1q6av-texlive-combined-2016/share/texmf/
tex/latex/l3kernel/l3xdvipdfmx.def
File: l3xdvidpfmx.def 2016/03/26 v6465 L3 Experimental driver: xdvipdfmx
\l__driver_tmp_box=\box41
))
(/nix/store/vshw31w7s6y3hscy9xf09cq18sh1q6av-texlive-combined-2016/share/texmf/
tex/latex/l3packages/xparse/xparse.sty
Package: xparse 2016/05/18 v6512 L3 Experimental document command parser
\l__xparse_current_arg_int=\count111
\l__xparse_m_args_int=\count112
\l__xparse_mandatory_args_int=\count113
\l__xparse_processor_int=\count114
\l__xparse_v_nesting_int=\count115
)
Package: fontspec 2016/02/01 v2.5a Font selection for XeLaTeX and LuaLaTeX

(/nix/store/vshw31w7s6y3hscy9xf09cq18sh1q6av-texlive-combined-2016/share/texmf/
tex/latex/fontspec/fontspec-xetex.sty
Package: fontspec-xetex 2016/02/01 v2.5a Font selection for XeLaTeX and LuaLaTe
X
\l_fontspec_script_int=\count116
\l_fontspec_language_int=\count117
\l_fontspec_strnum_int=\count118
\l__fontspec_tmpa_dim=\dimen134
\l__fontspec_tmpb_dim=\dimen135
\l__fontspec_tmpc_dim=\dimen136
\g__file_internal_ior=\read1

(/nix/store/vshw31w7s6y3hscy9xf09cq18sh1q6av-texlive-combined-2016/share/texmf/
tex/latex/base/fontenc.sty
Package: fontenc 2005/09/27 v1.99g Standard LaTeX package

(/nix/store/vshw31w7s6y3hscy9xf09cq18sh1q6av-texlive-combined-2016/share/texmf/
tex/latex/euenc/eu1enc.def
File: eu1enc.def 2010/05/27 v0.1h Experimental Unicode font encodings
)
LaTeX Font Info:    Try loading font information for EU1+lmr on input line 105.


(/nix/store/vshw31w7s6y3hscy9xf09cq18sh1q6av-texlive-combined-2016/share/texmf/
tex/latex/euenc/eu1lmr.fd
File: eu1lmr.fd 2009/10/30 v1.6 Font defs for Latin Modern
))
(/nix/store/vshw31w7s6y3hscy9xf09cq18sh1q6av-texlive-combined-2016/share/texmf/
tex/xelatex/xunicode/xunicode.sty
File: xunicode.sty 2011/09/09 v0.981 provides access to latin accents and many 
other characters in Unicode lower plane

(/nix/store/vshw31w7s6y3hscy9xf09cq18sh1q6av-texlive-combined-2016/share/texmf/
tex/latex/tipa/t3enc.def
File: t3enc.def 2001/12/31 T3 encoding
LaTeX Font Info:    Try loading font information for EU1+lmss on input line 357
.

(/nix/store/vshw31w7s6y3hscy9xf09cq18sh1q6av-texlive-combined-2016/share/texmf/
tex/latex/euenc/eu1lmss.fd
File: eu1lmss.fd 2009/10/30 v1.6 Font defs for Latin Modern
))
\tipaTiiicode=\count119
\tipasavetokens=\toks16
\tipachecktokens=\toks17

(/nix/store/vshw31w7s6y3hscy9xf09cq18sh1q6av-texlive-combined-2016/share/texmf/
tex/latex/graphics/graphicx.sty
Package: graphicx 2014/10/28 v1.0g Enhanced LaTeX Graphics (DPC,SPQR)

(/nix/store/vshw31w7s6y3hscy9xf09cq18sh1q6av-texlive-combined-2016/share/texmf/
tex/latex/graphics/graphics.sty
Package: graphics 2016/06/02 v1.0s Standard LaTeX Graphics (DPC,SPQR)

(/nix/store/vshw31w7s6y3hscy9xf09cq18sh1q6av-texlive-combined-2016/share/texmf/
tex/latex/graphics/trig.sty
Package: trig 2016/01/03 v1.10 sin cos tan (DPC)
)
(/nix/store/vshw31w7s6y3hscy9xf09cq18sh1q6av-texlive-combined-2016/share/texmf/
tex/latex/graphics-cfg/graphics.cfg
File: graphics.cfg 2016/06/04 v1.11 sample graphics configuration
)
Package graphics Info: Driver file: xetex.def on input line 99.

(/nix/store/vshw31w7s6y3hscy9xf09cq18sh1q6av-texlive-combined-2016/share/texmf/
tex/xelatex/xetex-def/xetex.def
File: xetex.def 2016/04/06 v4.08 LaTeX color/graphics driver for XeTeX (TeX Liv
e/RRM/JK)

(/nix/store/vshw31w7s6y3hscy9xf09cq18sh1q6av-texlive-combined-2016/share/texmf/
tex/generic/oberdiek/infwarerr.sty
Package: infwarerr 2016/05/16 v1.4 Providing info/warning/error messages (HO)
)
(/nix/store/vshw31w7s6y3hscy9xf09cq18sh1q6av-texlive-combined-2016/share/texmf/
tex/generic/oberdiek/ltxcmds.sty
Package: ltxcmds 2016/05/16 v1.23 LaTeX kernel commands for general use (HO)
)))
\Gin@req@height=\dimen137
\Gin@req@width=\dimen138
))
.................................................
. LaTeX info: "xparse/define-command"
. 
. Defining command \__fontspec_post_arg:w with sig. 'mmO{}' on line 353.
.................................................
.................................................
. LaTeX info: "xparse/define-command"
. 
. Defining command \fontspec with sig. 'om' on line 355.
.................................................
.................................................
. LaTeX info: "xparse/define-command"
. 
. Defining command \setmainfont with sig. 'om' on line 365.
.................................................
.................................................
. LaTeX info: "xparse/define-command"
. 
. Defining command \setsansfont with sig. 'om' on line 375.
.................................................
.................................................
. LaTeX info: "xparse/define-command"
. 
. Defining command \setmonofont with sig. 'om' on line 385.
.................................................
.................................................
. LaTeX info: "xparse/define-command"
. 
. Defining command \setmathrm with sig. 'om' on line 399.
.................................................
.................................................
. LaTeX info: "xparse/define-command"
. 
. Defining command \setboldmathrm with sig. 'om' on line 407.
.................................................
.................................................
. LaTeX info: "xparse/define-command"
. 
. Defining command \setmathsf with sig. 'om' on line 415.
.................................................
.................................................
. LaTeX info: "xparse/define-command"
. 
. Defining command \setmathtt with sig. 'om' on line 423.
.................................................
.................................................
. LaTeX info: "xparse/define-command"
. 
. Defining command \newfontfamily with sig. 'mom' on line 437.
.................................................
.................................................
. LaTeX info: "xparse/define-command"
. 
. Defining command \newfontface with sig. 'mom' on line 453.
.................................................
.................................................
. LaTeX info: "xparse/define-command"
. 
. Defining command \defaultfontfeatures with sig. 't+om' on line 467.
.................................................
.................................................
. LaTeX info: "xparse/define-command"
. 
. Defining command \addfontfeatures with sig. 'm' on line 529.
.................................................
.................................................
. LaTeX info: "xparse/define-command"
. 
. Defining command \newfontfeature with sig. 'mm' on line 540.
.................................................
.................................................
. LaTeX info: "xparse/define-command"
. 
. Defining command \newAATfeature with sig. 'mmmm' on line 548.
.................................................
.................................................
. LaTeX info: "xparse/define-command"
. 
. Defining command \newopentypefeature with sig. 'mmm' on line 556.
.................................................
.................................................
. LaTeX info: "xparse/define-command"
. 
. Defining command \aliasfontfeature with sig. 'mm' on line 577.
.................................................
.................................................
. LaTeX info: "xparse/define-command"
. 
. Defining command \aliasfontfeatureoption with sig. 'mmm' on line 586.
.................................................
.................................................
. LaTeX info: "xparse/define-command"
. 
. Defining command \newfontscript with sig. 'mm' on line 590.
.................................................
.................................................
. LaTeX info: "xparse/define-command"
. 
. Defining command \newfontlanguage with sig. 'mm' on line 594.
.................................................
.................................................
. LaTeX info: "xparse/define-command"
. 
. Defining command \DeclareFontsExtensions with sig. 'm' on line 599.
.................................................
\l__fontspec_tmp_int=\count120

(/nix/store/vshw31w7s6y3hscy9xf09cq18sh1q6av-texlive-combined-2016/share/texmf/
tex/latex/fontspec/fontspec.cfg)
LaTeX Info: Redefining \itshape on input line 2705.
LaTeX Info: Redefining \slshape on input line 2710.
LaTeX Info: Redefining \scshape on input line 2715.
LaTeX Info: Redefining \upshape on input line 2720.
\l__fontspec_em_int=\count121
\l__fontspec_emdef_int=\count122
LaTeX Info: Redefining \em on input line 2736.
LaTeX Info: Redefining \emph on input line 2742.
LaTeX Info: Redefining \- on input line 2746.
.................................................
. LaTeX info: "xparse/redefine-command"
. 
. Redefining command \oldstylenums with sig. 'm' on line 2841.
.................................................
.................................................
. LaTeX info: "xparse/define-command"
. 
. Defining command \liningnums with sig. 'm' on line 2845.
.................................................
))
(/nix/store/vshw31w7s6y3hscy9xf09cq18sh1q6av-texlive-combined-2016/share/texmf/
tex/generic/oberdiek/ifluatex.sty
Package: ifluatex 2016/05/16 v1.4 Provides the ifluatex switch (HO)
Package ifluatex Info: LuaTeX not detected.
)
(/nix/store/vshw31w7s6y3hscy9xf09cq18sh1q6av-texlive-combined-2016/share/texmf/
tex/generic/ifxetex/ifxetex.sty
Package: ifxetex 2010/09/12 v0.6 Provides ifxetex conditional
)
\xpg@normalclass=\XeTeXcharclass1
)
(/nix/store/vshw31w7s6y3hscy9xf09cq18sh1q6av-texlive-combined-2016/share/texmf/
tex/latex/polyglossia/gloss-german.ldf
File: gloss-german.ldf polyglossia: module for german

(/nix/store/vshw31w7s6y3hscy9xf09cq18sh1q6av-texlive-combined-2016/share/texmf/
tex/latex/polyglossia/babelsh.def
File: babelsh.def 2013/04/30 Babel common definitions for shorthands
 Taken verbatim from babel.def (2013/04/15 v3.9e)
)
Package polyglossia Info: Making " an active character on input line 79.
)
Package polyglossia Info: Default language is german.

(/nix/store/vshw31w7s6y3hscy9xf09cq18sh1q6av-texlive-combined-2016/share/texmf/
tex/latex/listings/listings.sty
\lst@mode=\count123
\lst@gtempboxa=\box42
\lst@token=\toks18
\lst@length=\count124
\lst@currlwidth=\dimen139
\lst@column=\count125
\lst@pos=\count126
\lst@lostspace=\dimen140
\lst@width=\dimen141
\lst@newlines=\count127
\lst@lineno=\count128
\lst@maxwidth=\dimen142

(/nix/store/vshw31w7s6y3hscy9xf09cq18sh1q6av-texlive-combined-2016/share/texmf/
tex/latex/listings/lstmisc.sty
File: lstmisc.sty 2015/06/04 1.6 (Carsten Heinz)
\c@lstnumber=\count129
\lst@skipnumbers=\count130
\lst@framebox=\box43
)
(/nix/store/vshw31w7s6y3hscy9xf09cq18sh1q6av-texlive-combined-2016/share/texmf/
tex/latex/listings/listings.cfg
File: listings.cfg 2015/06/04 1.6 listings configuration
))
Package: listings 2015/06/04 1.6 (Carsten Heinz)
 (./einreichung.aux)
\openout1 = `einreichung.aux'.

LaTeX Font Info:    Checking defaults for OML/cmm/m/it on input line 13.
LaTeX Font Info:    ... okay on input line 13.
LaTeX Font Info:    Checking defaults for T1/cmr/m/n on input line 13.
LaTeX Font Info:    ... okay on input line 13.
LaTeX Font Info:    Checking defaults for OT1/cmr/m/n on input line 13.
LaTeX Font Info:    ... okay on input line 13.
LaTeX Font Info:    Checking defaults for OMS/cmsy/m/n on input line 13.
LaTeX Font Info:    ... okay on input line 13.
LaTeX Font Info:    Checking defaults for OMX/cmex/m/n on input line 13.
LaTeX Font Info:    ... okay on input line 13.
LaTeX Font Info:    Checking defaults for U/cmr/m/n on input line 13.
LaTeX Font Info:    ... okay on input line 13.
LaTeX Font Info:    Checking defaults for EU1/lmr/m/n on input line 13.
LaTeX Font Info:    ... okay on input line 13.
LaTeX Font Info:    Checking defaults for T3/cmr/m/n on input line 13.
LaTeX Font Info:    Try loading font information for T3+cmr on input line 13.

(/nix/store/vshw31w7s6y3hscy9xf09cq18sh1q6av-texlive-combined-2016/share/texmf/
tex/latex/tipa/t3cmr.fd
File: t3cmr.fd 2001/12/31 TIPA font definitions
)
LaTeX Font Info:    ... okay on input line 13.
.................................................
. fontspec info: "setup-math"
. 
. Adjusting the maths setup (use [no-math] to avoid this).
.................................................
\symlegacymaths=\mathgroup4
LaTeX Font Info:    Overwriting symbol font `legacymaths' in version `bold'
(Font)                  OT1/cmr/m/n --> OT1/cmr/bx/n on input line 13.
LaTeX Font Info:    Redeclaring math accent \acute on input line 13.
LaTeX Font Info:    Redeclaring math accent \grave on input line 13.
LaTeX Font Info:    Redeclaring math accent \ddot on input line 13.
LaTeX Font Info:    Redeclaring math accent \tilde on input line 13.
LaTeX Font Info:    Redeclaring math accent \bar on input line 13.
LaTeX Font Info:    Redeclaring math accent \breve on input line 13.
LaTeX Font Info:    Redeclaring math accent \check on input line 13.
LaTeX Font Info:    Redeclaring math accent \hat on input line 13.
LaTeX Font Info:    Redeclaring math accent \dot on input line 13.
LaTeX Font Info:    Redeclaring math accent \mathring on input line 13.
LaTeX Font Info:    Redeclaring math symbol \colon on input line 13.
LaTeX Font Info:    Redeclaring math symbol \Gamma on input line 13.
LaTeX Font Info:    Redeclaring math symbol \Delta on input line 13.
LaTeX Font Info:    Redeclaring math symbol \Theta on input line 13.
LaTeX Font Info:    Redeclaring math symbol \Lambda on input line 13.
LaTeX Font Info:    Redeclaring math symbol \Xi on input line 13.
LaTeX Font Info:    Redeclaring math symbol \Pi on input line 13.
LaTeX Font Info:    Redeclaring math symbol \Sigma on input line 13.
LaTeX Font Info:    Redeclaring math symbol \Upsilon on input line 13.
LaTeX Font Info:    Redeclaring math symbol \Phi on input line 13.
LaTeX Font Info:    Redeclaring math symbol \Psi on input line 13.
LaTeX Font Info:    Redeclaring math symbol \Omega on input line 13.
LaTeX Font Info:    Redeclaring math symbol \mathdollar on input line 13.
LaTeX Font Info:    Redeclaring symbol font `operators' on input line 13.
LaTeX Font Info:    Encoding `OT1' has changed to `EU1' for symbol font
(Font)              `operators' in the math version `normal' on input line 13.
LaTeX Font Info:    Overwriting symbol font `operators' in version `normal'
(Font)                  OT1/cmr/m/n --> EU1/lmr/m/n on input line 13.
LaTeX Font Info:    Encoding `OT1' has changed to `EU1' for symbol font
(Font)              `operators' in the math version `bold' on input line 13.
LaTeX Font Info:    Overwriting symbol font `operators' in version `bold'
(Font)                  OT1/cmr/bx/n --> EU1/lmr/m/n on input line 13.
LaTeX Font Info:    Overwriting symbol font `operators' in version `normal'
(Font)                  EU1/lmr/m/n --> EU1/lmr/m/n on input line 13.
LaTeX Font Info:    Overwriting math alphabet `\mathit' in version `normal'
(Font)                  OT1/cmr/m/it --> EU1/lmr/m/it on input line 13.
LaTeX Font Info:    Overwriting math alphabet `\mathbf' in version `normal'
(Font)                  OT1/cmr/bx/n --> EU1/lmr/bx/n on input line 13.
LaTeX Font Info:    Overwriting math alphabet `\mathsf' in version `normal'
(Font)                  OT1/cmss/m/n --> EU1/lmss/m/n on input line 13.
LaTeX Font Info:    Overwriting math alphabet `\mathtt' in version `normal'
(Font)                  OT1/cmtt/m/n --> EU1/lmtt/m/n on input line 13.
LaTeX Font Info:    Overwriting symbol font `operators' in version `bold'
(Font)                  EU1/lmr/m/n --> EU1/lmr/bx/n on input line 13.
LaTeX Font Info:    Overwriting math alphabet `\mathit' in version `bold'
(Font)                  OT1/cmr/bx/it --> EU1/lmr/bx/it on input line 13.
LaTeX Font Info:    Overwriting math alphabet `\mathsf' in version `bold'
(Font)                  OT1/cmss/bx/n --> EU1/lmss/bx/n on input line 13.
LaTeX Font Info:    Overwriting math alphabet `\mathtt' in version `bold'
(Font)                  OT1/cmtt/m/n --> EU1/lmtt/bx/n on input line 13.
\c@lstlisting=\count131
 [1



]
(/nix/store/vshw31w7s6y3hscy9xf09cq18sh1q6av-texlive-combined-2016/share/texmf/
tex/latex/listings/lstlang1.sty
File: lstlang1.sty 2015/06/04 1.6 listings language file
)
(/nix/store/vshw31w7s6y3hscy9xf09cq18sh1q6av-texlive-combined-2016/share/texmf/
tex/latex/listings/lstlang2.sty
File: lstlang2.sty 2015/06/04 1.6 listings language file
) (../../lib/Sound/Likely.hs
LaTeX Font Info:    External font `cmex10' loaded for size
(Font)              <7> on input line 1.
LaTeX Font Info:    External font `cmex10' loaded for size
(Font)              <5> on input line 1.
 [2


] [3])
(../../backend/Api.hs [4]) (../../backend/Main.hs [5] [6])
(/nix/store/vshw31w7s6y3hscy9xf09cq18sh1q6av-texlive-combined-2016/share/texmf/
tex/latex/listings/lstlang1.sty
File: lstlang1.sty 2015/06/04 1.6 listings language file
)
(/nix/store/vshw31w7s6y3hscy9xf09cq18sh1q6av-texlive-combined-2016/share/texmf/
tex/latex/listings/lstmisc.sty
File: lstmisc.sty 2015/06/04 1.6 (Carsten Heinz)
) (../../web/source/index.html [7] [8])
(../../web/source/custom.css [9] [10] [11] [12]) (../../web/source/main.js
[13]
Missing character: There is no â™¯ in font [lmroman10-regular]:mapping=tex-text!
Missing character: There is no â™¯ in font [lmroman10-regular]:mapping=tex-text!
Missing character: There is no â™¯ in font [lmroman10-regular]:mapping=tex-text!
Missing character: There is no â™¯ in font [lmroman10-regular]:mapping=tex-text!
Missing character: There is no â™¯ in font [lmroman10-regular]:mapping=tex-text!
Missing character: There is no â™­ in font [lmroman10-regular]:mapping=tex-text!
Missing character: There is no â™¯ in font [lmroman10-regular]:mapping=tex-text!
Missing character: There is no ğ„« in font [lmroman10-regular]:mapping=tex-text!
Missing character: There is no â™¯ in font [lmroman10-regular]:mapping=tex-text!
Missing character: There is no â™¯ in font [lmroman10-regular]:mapping=tex-text!
Missing character: There is no â™­ in font [lmroman10-regular]:mapping=tex-text!
Missing character: There is no â™¯ in font [lmroman10-regular]:mapping=tex-text!
Missing character: There is no â™¯ in font [lmroman10-regular]:mapping=tex-text!
Missing character: There is no â™¯ in font [lmroman10-regular]:mapping=tex-text!
Missing character: There is no ğ„« in font [lmroman10-regular]:mapping=tex-text!
Missing character: There is no â™¯ in font [lmroman10-regular]:mapping=tex-text!
Missing character: There is no â™­ in font [lmroman10-regular]:mapping=tex-text!
Missing character: There is no ğ„« in font [lmroman10-regular]:mapping=tex-text!
Missing character: There is no â™­ in font [lmroman10-regular]:mapping=tex-text!
Missing character: There is no â™¯ in font [lmroman10-regular]:mapping=tex-text!
Missing character: There is no ğ„« in font [lmroman10-regular]:mapping=tex-text!
Missing character: There is no â™¯ in font [lmroman10-regular]:mapping=tex-text!
Missing character: There is no â™¯ in font [lmroman10-regular]:mapping=tex-text!
Missing character: There is no â™­ in font [lmroman10-regular]:mapping=tex-text!
Missing character: There is no â™¯ in font [lmroman10-regular]:mapping=tex-text!
Missing character: There is no ğ„« in font [lmroman10-regular]:mapping=tex-text!
Missing character: There is no â™¯ in font [lmroman10-regular]:mapping=tex-text!
Missing character: There is no â™¯ in font [lmroman10-regular]:mapping=tex-text!
Missing character: There is no â™­ in font [lmroman10-regular]:mapping=tex-text!
Missing character: There is no â™¯ in font [lmroman10-regular]:mapping=tex-text!
Missing character: There is no ğ„« in font [lmroman10-regular]:mapping=tex-text!
Missing character: There is no â™­ in font [lmroman10-regular]:mapping=tex-text!
Missing character: There is no ğ„« in font [lmroman10-regular]:mapping=tex-text!
Missing character: There is no ğ„» in font [lmroman10-regular]:mapping=tex-text!
Missing character: There is no ğ„¼ in font [lmroman10-regular]:mapping=tex-text!
Missing character: There is no ğ„½ in font [lmroman10-regular]:mapping=tex-text!
Missing character: There is no ğ„¾ in font [lmroman10-regular]:mapping=tex-text!
 [14]
Missing character: There is no ğ„¿ in font [lmroman10-regular]:mapping=tex-text!
Missing character: There is no ğ…€ in font [lmroman10-regular]:mapping=tex-text!
Missing character: There is no ğ… in font [lmroman10-regular]:mapping=tex-text!
Missing character: There is no ğ…‚ in font [lmroman10-regular]:mapping=tex-text!
Missing character: There is no ğ… in font [lmroman10-regular]:mapping=tex-text!
Missing character: There is no ğ… in font [lmroman10-regular]:mapping=tex-text!
Missing character: There is no ğ…Ÿ in font [lmroman10-regular]:mapping=tex-text!
Missing character: There is no ğ…  in font [lmroman10-regular]:mapping=tex-text!
Missing character: There is no ğ…¡ in font [lmroman10-regular]:mapping=tex-text!
Missing character: There is no ğ…¢ in font [lmroman10-regular]:mapping=tex-text!
Missing character: There is no ğ…£ in font [lmroman10-regular]:mapping=tex-text!
Missing character: There is no ğ…¤ in font [lmroman10-regular]:mapping=tex-text!
 [15]
Missing character: There is no ğ…œ in font [lmroman10-regular]:mapping=tex-text!
Missing character: There is no ğ…­ in font [lmroman10-regular]:mapping=tex-text!
Missing character: There is no ğ…­ in font [lmroman10-regular]:mapping=tex-text!
 [16] [17] [18] [19] [20] [21] [22] [23] [24] [25] [26]) [27]
[28] [29] [30] [31] [32] [33] [34]
LaTeX Font Info:    Try loading font information for EU1+lmtt on input line 718
.

(/nix/store/vshw31w7s6y3hscy9xf09cq18sh1q6av-texlive-combined-2016/share/texmf/
tex/latex/euenc/eu1lmtt.fd
File: eu1lmtt.fd 2009/10/30 v1.6 Font defs for Latin Modern
) [35] [36] (./einreichung.aux) ) 
Here is how much of TeX's memory you used:
 16967 strings out of 494727
 323218 string characters out of 6152072
 495585 words of memory out of 5000000
 20215 multiletter control sequences out of 15000+600000
 3792 words of font info for 33 fonts, out of 8000000 for 9000
 470 hyphenation exceptions out of 8191
 54i,5n,75p,10419b,2019s stack positions out of 5000i,500n,10000p,200000b,80000s

Output written on einreichung.pdf (36 pages).
